#
# There is insufficient memory for the Java Runtime Environment to continue.
# Native memory allocation (mmap) failed to map 132120576 bytes for G1 virtual space
# Possible reasons:
#   The system is out of physical RAM or swap space
#   The process is running with CompressedOops enabled, and the Java Heap may be blocking the growth of the native heap
# Possible solutions:
#   Reduce memory load on the system
#   Increase physical memory or swap space
#   Check if swap backing store is full
#   Decrease Java heap size (-Xmx/-Xms)
#   Decrease number of Java threads
#   Decrease Java thread stack sizes (-Xss)
#   Set larger code cache with -XX:ReservedCodeCacheSize=
#   JVM is running with Unscaled Compressed Oops mode in which the Java heap is
#     placed in the first 4GB address space. The Java Heap base address is the
#     maximum limit for the native heap growth. Please use -XX:HeapBaseMinAddress
#     to set the Java Heap base and to place the Java Heap above 4GB virtual address.
# This output file may be truncated or incomplete.
#
#  Out of Memory Error (os_windows.cpp:3825), pid=7520, tid=7444
#
# JRE version:  (17.0.10) (build )
# Java VM: OpenJDK 64-Bit Server VM (17.0.10+0--11609105, mixed mode, sharing, tiered, compressed oops, compressed class ptrs, g1 gc, windows-amd64)
# No core dump will be written. Minidumps are not enabled by default on client versions of Windows
#

---------------  S U M M A R Y ------------

Command Line: org.jetbrains.kotlin.cli.jvm.K2JVMCompiler @C:\workspace\firecode16\brain\app\build\20241002_13993849795087624400.compiler.options

Host: Intel(R) Core(TM) i3-10110U CPU @ 2.10GHz, 4 cores, 7G,  Windows 11 , 64 bit Build 22621 (10.0.22621.3958)
Time: Wed Oct  2 20:46:43 2024 Hora estándar central (México) elapsed time: 0.027023 seconds (0d 0h 0m 0s)

---------------  T H R E A D  ---------------

Current thread (0x0000025da34e8320):  JavaThread "Unknown thread" [_thread_in_vm, id=7444, stack(0x000000f91a500000,0x000000f91a600000)]

Stack: [0x000000f91a500000,0x000000f91a600000]
Native frames: (J=compiled Java code, j=interpreted, Vv=VM code, C=native code)
V  [jvm.dll+0x688de9]
V  [jvm.dll+0x8423da]
V  [jvm.dll+0x84401e]
V  [jvm.dll+0x844683]
V  [jvm.dll+0x24be0f]
V  [jvm.dll+0x685bb9]
V  [jvm.dll+0x67a46a]
V  [jvm.dll+0x30cbab]
V  [jvm.dll+0x314056]
V  [jvm.dll+0x363dce]
V  [jvm.dll+0x363fff]
V  [jvm.dll+0x2e2978]
V  [jvm.dll+0x2e38e4]
V  [jvm.dll+0x812f71]
V  [jvm.dll+0x371c81]
V  [jvm.dll+0x7f1ac6]
V  [jvm.dll+0x3f58df]
V  [jvm.dll+0x3f7511]
C  [jli.dll+0x528f]
C  [ucrtbase.dll+0x29333]
C  [KERNEL32.DLL+0x1257d]
C  [ntdll.dll+0x5af28]


---------------  P R O C E S S  ---------------

Threads class SMR info:
_java_thread_list=0x00007ff90a71ef58, length=0, elements={
}

Java Threads: ( => current thread )

Other Threads:
  0x0000025da35425f0 GCTaskThread "GC Thread#0" [stack: 0x000000f91a600000,0x000000f91a700000] [id=5188]
  0x0000025da3553040 ConcurrentGCThread "G1 Main Marker" [stack: 0x000000f91a700000,0x000000f91a800000] [id=5552]
  0x0000025da3553a60 ConcurrentGCThread "G1 Conc#0" [stack: 0x000000f91a800000,0x000000f91a900000] [id=1392]

[error occurred during error reporting (printing all threads), id 0xc0000005, EXCEPTION_ACCESS_VIOLATION (0xc0000005) at pc=0x00007ff909ed3547]

VM state: not at safepoint (not fully initialized)

VM Mutex/Monitor currently owned by a thread:  ([mutex/lock_event])
[0x0000025da34e3820] Heap_lock - owner thread: 0x0000025da34e8320

Heap address: 0x0000000082800000, size: 2008 MB, Compressed Oops mode: 32-bit

CDS archive(s) mapped at: [0x0000000000000000-0x0000000000000000-0x0000000000000000), size 0, SharedBaseAddress: 0x0000000800000000, ArchiveRelocationMode: 1.
Narrow klass base: 0x0000000000000000, Narrow klass shift: 0, Narrow klass range: 0x0

GC Precious Log:
<Empty>

Heap:
 garbage-first heap   total 0K, used 0K [0x0000000082800000, 0x0000000100000000)
  region size 1024K, 0 young (0K), 0 survivors (0K)
 Metaspace       used 0K, committed 0K, reserved 0K
  class space    used 0K, committed 0K, reserved 0K

Heap Regions: E=young(eden), S=young(survivor), O=old, HS=humongous(starts), HC=humongous(continues), CS=collection set, F=free, OA=open archive, CA=closed archive, TAMS=top-at-mark-start (previous, next)

Card table byte_map: [0x0000025db5db0000,0x0000025db61a0000] _byte_map_base: 0x0000025db599c000

Marking Bits (Prev, Next): (CMBitMap*) 0x0000025da3542c10, (CMBitMap*) 0x0000025da3542c50
 Prev Bits: [0x0000025db6590000, 0x0000025db84f0000)
 Next Bits: [0x0000025db84f0000, 0x0000025dba450000)

GC Heap History (0 events):
No events

Dll operation events (1 events):
Event: 0.013 Loaded shared library C:\Program Files\Android\Android Studio\jbr\bin\java.dll

Deoptimization events (0 events):
No events

Classes unloaded (0 events):
No events

Classes redefined (0 events):
No events

Internal exceptions (0 events):
No events

VM Operations (0 events):
No events

Events (0 events):
No events


Dynamic libraries:
0x00007ff619bc0000 - 0x00007ff619bca000 	C:\Program Files\Android\Android Studio\jbr\bin\java.exe
0x00007ff98be30000 - 0x00007ff98c047000 	C:\WINDOWS\SYSTEM32\ntdll.dll
0x00007ff98ab50000 - 0x00007ff98ac14000 	C:\WINDOWS\System32\KERNEL32.DLL
0x00007ff989150000 - 0x00007ff9894fd000 	C:\WINDOWS\System32\KERNELBASE.dll
0x00007ff989500000 - 0x00007ff989611000 	C:\WINDOWS\System32\ucrtbase.dll
0x00007ff942870000 - 0x00007ff942887000 	C:\Program Files\Android\Android Studio\jbr\bin\jli.dll
0x00007ff971030000 - 0x00007ff97104b000 	C:\Program Files\Android\Android Studio\jbr\bin\VCRUNTIME140.dll
0x00007ff98a5e0000 - 0x00007ff98a78e000 	C:\WINDOWS\System32\USER32.dll
0x00007ff9897e0000 - 0x00007ff989806000 	C:\WINDOWS\System32\win32u.dll
0x00007ff98ab10000 - 0x00007ff98ab39000 	C:\WINDOWS\System32\GDI32.dll
0x00007ff9896c0000 - 0x00007ff9897d9000 	C:\WINDOWS\System32\gdi32full.dll
0x00007ff963c50000 - 0x00007ff963ee3000 	C:\WINDOWS\WinSxS\amd64_microsoft.windows.common-controls_6595b64144ccf1df_6.0.22621.3672_none_2713b9d173822955\COMCTL32.dll
0x00007ff989620000 - 0x00007ff9896ba000 	C:\WINDOWS\System32\msvcp_win.dll
0x00007ff98aa60000 - 0x00007ff98ab07000 	C:\WINDOWS\System32\msvcrt.dll
0x00007ff98bdb0000 - 0x00007ff98bde1000 	C:\WINDOWS\System32\IMM32.DLL
0x00007ff971050000 - 0x00007ff97105c000 	C:\Program Files\Android\Android Studio\jbr\bin\vcruntime140_1.dll
0x00007ff970ca0000 - 0x00007ff970d2d000 	C:\Program Files\Android\Android Studio\jbr\bin\msvcp140.dll
0x00007ff909be0000 - 0x00007ff90a863000 	C:\Program Files\Android\Android Studio\jbr\bin\server\jvm.dll
0x00007ff98aec0000 - 0x00007ff98af72000 	C:\WINDOWS\System32\ADVAPI32.dll
0x00007ff98a520000 - 0x00007ff98a5c9000 	C:\WINDOWS\System32\sechost.dll
0x00007ff989810000 - 0x00007ff989838000 	C:\WINDOWS\System32\bcrypt.dll
0x00007ff98bbb0000 - 0x00007ff98bcc4000 	C:\WINDOWS\System32\RPCRT4.dll
0x00007ff987fc0000 - 0x00007ff98800d000 	C:\WINDOWS\SYSTEM32\POWRPROF.dll
0x00007ff95ebc0000 - 0x00007ff95ebc9000 	C:\WINDOWS\SYSTEM32\WSOCK32.dll
0x00007ff98bd30000 - 0x00007ff98bda1000 	C:\WINDOWS\System32\WS2_32.dll
0x00007ff97fed0000 - 0x00007ff97ff04000 	C:\WINDOWS\SYSTEM32\WINMM.dll
0x00007ff97eb90000 - 0x00007ff97eb9a000 	C:\WINDOWS\SYSTEM32\VERSION.dll
0x00007ff987fa0000 - 0x00007ff987fb3000 	C:\WINDOWS\SYSTEM32\UMPDC.dll
0x00007ff988250000 - 0x00007ff988268000 	C:\WINDOWS\SYSTEM32\kernel.appcore.dll
0x00007ff9712b0000 - 0x00007ff9712ba000 	C:\Program Files\Android\Android Studio\jbr\bin\jimage.dll
0x00007ff986ab0000 - 0x00007ff986ce2000 	C:\WINDOWS\SYSTEM32\DBGHELP.DLL
0x00007ff98b820000 - 0x00007ff98bbae000 	C:\WINDOWS\System32\combase.dll
0x00007ff98ade0000 - 0x00007ff98aeb7000 	C:\WINDOWS\System32\OLEAUT32.dll
0x00007ff97c000000 - 0x00007ff97c032000 	C:\WINDOWS\SYSTEM32\dbgcore.DLL
0x00007ff989ae0000 - 0x00007ff989b5b000 	C:\WINDOWS\System32\bcryptPrimitives.dll
0x00007ff96c4d0000 - 0x00007ff96c4f5000 	C:\Program Files\Android\Android Studio\jbr\bin\java.dll

dbghelp: loaded successfully - version: 4.0.5 - missing functions: none
symbol engine: initialized successfully - sym options: 0x614 - pdb path: .;C:\Program Files\Android\Android Studio\jbr\bin;C:\WINDOWS\SYSTEM32;C:\WINDOWS\WinSxS\amd64_microsoft.windows.common-controls_6595b64144ccf1df_6.0.22621.3672_none_2713b9d173822955;C:\Program Files\Android\Android Studio\jbr\bin\server

VM Arguments:
java_command: org.jetbrains.kotlin.cli.jvm.K2JVMCompiler @C:\workspace\firecode16\brain\app\build\20241002_13993849795087624400.compiler.options
java_class_path (initial): C:\Users\felip\.gradle\caches\modules-2\files-2.1\org.jetbrains.kotlin\kotlin-compiler-embeddable\1.9.20\b44d2f7d8c1c67c0ed66d40e57e52623ca753db7\kotlin-compiler-embeddable-1.9.20.jar;C:\Users\felip\.gradle\caches\modules-2\files-2.1\org.jetbrains.kotlin\kotlin-stdlib\1.9.20\e58b4816ac517e9cc5df1db051120c63d4cde669\kotlin-stdlib-1.9.20.jar;C:\Users\felip\.gradle\caches\modules-2\files-2.1\org.jetbrains.kotlin\kotlin-script-runtime\1.9.20\6fdfef711b8e07f1a4d0979a60acd7bc8a800777\kotlin-script-runtime-1.9.20.jar;C:\Users\felip\.gradle\caches\modules-2\files-2.1\org.jetbrains.kotlin\kotlin-reflect\1.6.10\1cbe9c92c12a94eea200d23c2bbaedaf3daf5132\kotlin-reflect-1.6.10.jar;C:\Users\felip\.gradle\caches\modules-2\files-2.1\org.jetbrains.kotlin\kotlin-daemon-embeddable\1.9.20\a2a6b491bc53049e2f1af33245481db49034ba52\kotlin-daemon-embeddable-1.9.20.jar;C:\Users\felip\.gradle\caches\modules-2\files-2.1\org.jetbrains.intellij.deps\trove4j\1.0.20200330\3afb14d5f9ceb459d724e907a21145e8ff394f02\trove4j-1.0.20200330.jar;C:\Users\felip\.gradle\caches\modules-2\files-2.1\org.jetbrains\annotations\13.0\919f0dfe192fb4e063e7dacadee7f8bb9a2672a9\annotations-13.0.jar
Launcher Type: SUN_STANDARD

[Global flags]
     intx CICompilerCount                          = 3                                         {product} {ergonomic}
     uint ConcGCThreads                            = 1                                         {product} {ergonomic}
     uint G1ConcRefinementThreads                  = 4                                         {product} {ergonomic}
   size_t G1HeapRegionSize                         = 1048576                                   {product} {ergonomic}
    uintx GCDrainStackTargetSize                   = 64                                        {product} {ergonomic}
   size_t InitialHeapSize                          = 132120576                                 {product} {ergonomic}
   size_t MarkStackSize                            = 4194304                                   {product} {ergonomic}
   size_t MaxHeapSize                              = 2105540608                                {product} {ergonomic}
   size_t MinHeapDeltaBytes                        = 1048576                                   {product} {ergonomic}
   size_t MinHeapSize                              = 8388608                                   {product} {ergonomic}
    uintx NonNMethodCodeHeapSize                   = 5832780                                {pd product} {ergonomic}
    uintx NonProfiledCodeHeapSize                  = 122912730                              {pd product} {ergonomic}
    uintx ProfiledCodeHeapSize                     = 122912730                              {pd product} {ergonomic}
    uintx ReservedCodeCacheSize                    = 251658240                              {pd product} {ergonomic}
     bool SegmentedCodeCache                       = true                                      {product} {ergonomic}
   size_t SoftMaxHeapSize                          = 2105540608                             {manageable} {ergonomic}
     bool UseCompressedClassPointers               = true                           {product lp64_product} {ergonomic}
     bool UseCompressedOops                        = true                           {product lp64_product} {ergonomic}
     bool UseG1GC                                  = true                                      {product} {ergonomic}
     bool UseLargePagesIndividualAllocation        = false                                  {pd product} {ergonomic}

Logging:
Log output configuration:
 #0: stdout all=warning uptime,level,tags
 #1: stderr all=off uptime,level,tags

Environment Variables:
JAVA_HOME=C:\Program Files\jdk-17.0.2
PATH=C:\Windows\System32;C:\Program Files\Git\cmd;C:\Program Files\Docker\Docker\resources\bin;C:\Users\felip\AppData\Local\Microsoft\WindowsApps;C:\Windows\System32\cmd.exe;C:\Program Files\kubectl;C:\Program Files\jdk-17.0.2\bin;
USERNAME=felip
OS=Windows_NT
PROCESSOR_IDENTIFIER=Intel64 Family 6 Model 142 Stepping 12, GenuineIntel
TMP=C:\Users\felip\AppData\Local\Temp
TEMP=C:\Users\felip\AppData\Local\Temp



Periodic native trim disabled

JNI global refs:
JNI global refs: 0, weak refs: 0

JNI global refs memory usage: 0, weak refs: 0

OOME stack traces (most recent first):
Classloader memory used:


---------------  S Y S T E M  ---------------

OS:
 Windows 11 , 64 bit Build 22621 (10.0.22621.3958)
OS uptime: 10 days 2:49 hours
Hyper-V role detected

CPU: total 4 (initial active 4) (2 cores per cpu, 2 threads per core) family 6 model 142 stepping 12 microcode 0xde, cx8, cmov, fxsr, ht, mmx, 3dnowpref, sse, sse2, sse3, ssse3, sse4.1, sse4.2, popcnt, lzcnt, tsc, tscinvbit, avx, avx2, aes, erms, clmul, bmi1, bmi2, adx, fma, vzeroupper, clflush, clflushopt, hv
Processor Information for all 4 processors :
  Max Mhz: 2592, Current Mhz: 2592, Mhz Limit: 2073

Memory: 4k page, system-wide physical 8025M (147M free)
TotalPageFile size 21191M (AvailPageFile size 114M)
current process WorkingSet (physical memory assigned to process): 11M, peak: 11M
current process commit charge ("private bytes"): 52M, peak: 177M

vm_info: OpenJDK 64-Bit Server VM (17.0.10+0--11609105) for windows-amd64 JRE (17.0.10+0--11609105), built on Mar 21 2024 19:10:56 by "androidbuild" with MS VC++ 16.10 / 16.11 (VS2019)

END.
